[2026-01-30 14:44:32] INFO: 🚀 啟動強化版數據 Seed 流程 (含 User 初始化)...
[2026-01-30 14:44:32] INFO: 👤 執行 User 初始化: admin@example.com
[2026-01-30 14:44:35] INFO: ✅ Momo 處理完成: iPhone 17 Pro Max
[2026-01-30 14:44:37] INFO: ✅ Pchome 處理完成: iPhone 17 Pro Max
[2026-01-30 14:44:42] INFO: ✅ Momo 處理完成: iPhone 17 Pro
[2026-01-30 14:44:44] INFO: ✅ Pchome 處理完成: iPhone 17 Pro
[2026-01-30 14:48:09] INFO: 🚀 啟動強化版數據 Seed 流程 (含 User 初始化)...
[2026-01-30 14:48:09] INFO: 👤 執行 User 初始化: admin@example.com
[2026-01-30 14:48:12] INFO: ✅ Momo 處理完成: iPhone 17 Pro Max
[2026-01-30 14:48:14] INFO: ✅ Pchome 處理完成: iPhone 17 Pro Max
[2026-01-30 14:48:19] INFO: ✅ Momo 處理完成: iPhone 17 Pro
[2026-01-30 14:48:20] INFO: ✅ Pchome 處理完成: iPhone 17 Pro
[2026-01-30 14:50:08] INFO: 🚀 啟動強化版數據 Seed 流程 (含 User 初始化)...
[2026-01-30 14:50:08] INFO: 👤 執行 User 初始化: admin@example.com
[2026-01-30 14:50:12] INFO: ✅ Momo 處理完成: iPhone 17 Pro Max
[2026-01-30 14:50:13] INFO: ✅ Pchome 處理完成: iPhone 17 Pro Max
[2026-01-30 14:50:18] INFO: ✅ Momo 處理完成: iPhone 17 Pro
[2026-01-30 14:50:20] INFO: ✅ Pchome 處理完成: iPhone 17 Pro
[2026-01-30 15:00:51] INFO: 🚀 啟動強化版數據 Seed 流程 (含 User 初始化)...
[2026-01-30 15:00:51] INFO: 👤 執行 User 初始化: admin@example.com
[2026-01-30 15:00:55] INFO: ✅ Momo 處理完成: iPhone 17 Pro Max
[2026-01-30 15:00:57] INFO: ✅ Pchome 處理完成: iPhone 17 Pro Max
[2026-01-30 15:01:02] INFO: ✅ Momo 處理完成: iPhone 17 Pro
[2026-01-30 15:01:03] INFO: ✅ Pchome 處理完成: iPhone 17 Pro
[2026-01-30 16:31:59] INFO: 🚀 啟動強化版數據 Seed 流程 (含 User 初始化)...
[2026-01-30 16:31:59] INFO: 👤 執行 User 初始化: admin@example.com
[2026-01-30 16:32:02] INFO: ✅ Momo 處理完成: iPhone 17 Pro Max
[2026-01-30 16:32:05] INFO: ✅ Pchome 處理完成: iPhone 17 Pro Max
[2026-01-30 16:32:09] INFO: ✅ Momo 處理完成: iPhone 17 Pro
[2026-01-30 16:32:11] INFO: ✅ Pchome 處理完成: iPhone 17 Pro
[2026-01-30 16:38:11] INFO: 🚀 啟動強化版數據 Seed 流程 (含 User 初始化)...
[2026-01-30 16:38:11] INFO: 👤 執行 User 初始化: admin@example.com
[2026-01-30 16:38:15] INFO: ✅ Momo 處理完成: iPhone 17 Pro Max
[2026-01-30 16:38:16] INFO: ✅ Pchome 處理完成: iPhone 17 Pro Max
[2026-01-30 16:38:21] INFO: ✅ Momo 處理完成: iPhone 17 Pro
[2026-01-30 16:38:23] INFO: ✅ Pchome 處理完成: iPhone 17 Pro
[2026-01-30 16:42:11] INFO: 🚀 啟動強化版數據 Seed 流程 (含 User 初始化)...
[2026-01-30 16:42:11] INFO: 👤 執行 User 初始化: admin@example.com
[2026-01-30 16:42:14] INFO: ✅ Momo 處理完成: iPhone 17 Pro Max
[2026-01-30 16:42:16] INFO: ✅ Pchome 處理完成: iPhone 17 Pro Max
[2026-01-30 16:42:21] INFO: ✅ Momo 處理完成: iPhone 17 Pro
[2026-01-30 16:42:23] INFO: ✅ Pchome 處理完成: iPhone 17 Pro
[2026-01-30 16:46:34] INFO: 🚀 啟動強化版數據 Seed 流程 (含 User 初始化)...
[2026-01-30 16:46:34] INFO: 👤 執行 User 初始化: admin@example.com
[2026-01-30 16:46:38] INFO: ✅ Momo 處理完成: iPhone 17 Pro Max
[2026-01-30 16:46:39] INFO: ✅ Pchome 處理完成: iPhone 17 Pro Max
[2026-01-30 16:46:44] INFO: ✅ Momo 處理完成: iPhone 17 Pro
[2026-01-30 16:46:45] INFO: ✅ Pchome 處理完成: iPhone 17 Pro
[2026-01-30 16:49:35] INFO: 🚀 啟動強化版數據 Seed 流程 (含 User 初始化)...
[2026-01-30 16:49:35] INFO: 👤 執行 User 初始化: admin@example.com
[2026-01-30 16:49:38] INFO: ✅ Momo 處理完成: iPhone 17 Pro Max
[2026-01-30 16:49:40] INFO: ✅ Pchome 處理完成: iPhone 17 Pro Max
[2026-01-30 16:49:45] INFO: ✅ Momo 處理完成: iPhone 17 Pro
[2026-01-30 16:49:46] INFO: ✅ Pchome 處理完成: iPhone 17 Pro
[2026-01-30 16:52:39] INFO: 🚀 啟動強化版數據 Seed 流程 (含 User 初始化)...
[2026-01-30 16:52:39] INFO: 👤 執行 User 初始化: admin@example.com
[2026-01-30 16:52:43] INFO: ✅ Momo 處理完成: iPhone 17 Pro Max
[2026-01-30 16:52:44] INFO: ✅ Pchome 處理完成: iPhone 17 Pro Max
[2026-01-30 16:52:49] INFO: ✅ Momo 處理完成: iPhone 17 Pro
[2026-01-30 16:52:51] INFO: ✅ Pchome 處理完成: iPhone 17 Pro
[2026-01-30 16:55:29] INFO: 🚀 啟動強化版數據 Seed 流程 (含 User 初始化)...
[2026-01-30 16:55:29] INFO: 👤 執行 User 初始化: admin@example.com
[2026-01-30 16:55:33] INFO: ✅ Momo 處理完成: iPhone 17 Pro Max
[2026-01-30 16:55:35] INFO: ✅ Pchome 處理完成: iPhone 17 Pro Max
[2026-01-30 16:55:40] INFO: ✅ Momo 處理完成: iPhone 17 Pro
[2026-01-30 16:55:42] INFO: ✅ Pchome 處理完成: iPhone 17 Pro
[2026-01-30 16:59:41] INFO: 🚀 啟動強化版數據 Seed 流程 (含 User 初始化)...
[2026-01-30 16:59:41] INFO: 👤 執行 User 初始化: admin@example.com
[2026-01-30 16:59:44] INFO: ✅ Momo 處理完成: iPhone 17 Pro Max
[2026-01-30 16:59:46] INFO: ✅ Pchome 處理完成: iPhone 17 Pro Max
[2026-01-30 16:59:51] INFO: ✅ Momo 處理完成: iPhone 17 Pro
[2026-01-30 16:59:53] INFO: ✅ Pchome 處理完成: iPhone 17 Pro
[2026-02-02 08:30:07] INFO: 🚀 啟動強化版數據 Seed 流程 (含 User 初始化)...
[2026-02-02 08:30:07] INFO: 👤 執行 User 初始化: admin@example.com
[2026-02-02 08:30:10] INFO: ✅ Momo 處理完成: iPhone 17 Pro Max
[2026-02-02 08:30:12] INFO: ✅ Pchome 處理完成: iPhone 17 Pro Max
[2026-02-02 08:30:17] INFO: ✅ Momo 處理完成: iPhone 17 Pro
[2026-02-02 08:30:19] INFO: ✅ Pchome 處理完成: iPhone 17 Pro
[2026-02-02 08:31:30] INFO: 🚀 啟動強化版數據 Seed 流程 (含 User 初始化)...
[2026-02-02 08:31:30] INFO: 👤 執行 User 初始化: admin@example.com
[2026-02-02 08:31:32] INFO: ✅ Momo 處理完成: iPhone 17 Pro Max
[2026-02-02 08:31:34] INFO: ✅ Pchome 處理完成: iPhone 17 Pro Max
[2026-02-02 08:31:39] INFO: ✅ Momo 處理完成: iPhone 17 Pro
[2026-02-02 08:31:40] INFO: ✅ Pchome 處理完成: iPhone 17 Pro
[2026-02-02 08:37:44] INFO: 🚀 啟動強化版數據 Seed 流程 (含 User 初始化)...
[2026-02-02 08:37:44] INFO: 👤 執行 User 初始化: admin@example.com
[2026-02-02 08:37:47] INFO: ✅ Momo 處理完成: iPhone 17 Pro Max
[2026-02-02 08:37:49] INFO: ✅ Pchome 處理完成: iPhone 17 Pro Max
[2026-02-02 08:37:54] INFO: ✅ Momo 處理完成: iPhone 17 Pro
[2026-02-02 08:37:56] INFO: ✅ Pchome 處理完成: iPhone 17 Pro
[2026-02-02 08:42:41] INFO: 🚀 啟動強化版數據 Seed 流程 (含 User 初始化)...
[2026-02-02 08:42:41] INFO: 👤 執行 User 初始化: admin@example.com
[2026-02-02 08:42:45] INFO: ✅ Momo 處理完成: iPhone 17 Pro Max
[2026-02-02 08:42:46] INFO: ✅ Pchome 處理完成: iPhone 17 Pro Max
[2026-02-02 08:42:51] INFO: ✅ Momo 處理完成: iPhone 17 Pro
[2026-02-02 08:42:52] INFO: ✅ Pchome 處理完成: iPhone 17 Pro
[2026-02-02 08:52:13] INFO: 🚀 啟動強化版數據 Seed 流程 (含 User 初始化)...
[2026-02-02 08:52:13] INFO: 👤 執行 User 初始化: admin@example.com
[2026-02-02 08:52:16] INFO: ✅ Momo 處理完成: iPhone 17 Pro Max
[2026-02-02 08:52:18] INFO: ✅ Pchome 處理完成: iPhone 17 Pro Max
[2026-02-02 08:52:23] INFO: ✅ Momo 處理完成: iPhone 17 Pro
[2026-02-02 08:52:24] INFO: ✅ Pchome 處理完成: iPhone 17 Pro
[2026-02-02 08:58:15] INFO: 🚀 啟動強化版數據 Seed 流程 (含 User 初始化)...
[2026-02-02 08:58:15] INFO: 👤 執行 User 初始化: admin@example.com
[2026-02-02 08:58:19] INFO: ✅ Momo 處理完成: iPhone 17 Pro Max
[2026-02-02 08:58:20] INFO: ✅ Pchome 處理完成: iPhone 17 Pro Max
[2026-02-02 08:58:25] INFO: ✅ Momo 處理完成: iPhone 17 Pro
[2026-02-02 08:58:27] INFO: ✅ Pchome 處理完成: iPhone 17 Pro
[2026-02-02 08:59:55] INFO: 🚀 啟動強化版數據 Seed 流程 (含 User 初始化)...
[2026-02-02 08:59:55] INFO: 👤 執行 User 初始化: admin@example.com
[2026-02-02 08:59:59] INFO: ✅ Momo 處理完成: iPhone 17 Pro Max
[2026-02-02 09:00:00] INFO: ✅ Pchome 處理完成: iPhone 17 Pro Max
[2026-02-02 09:00:05] INFO: ✅ Momo 處理完成: iPhone 17 Pro
[2026-02-02 09:00:07] INFO: ✅ Pchome 處理完成: iPhone 17 Pro
[2026-02-02 09:03:18] INFO: 🚀 啟動強化版數據 Seed 流程 (含 User 初始化)...
[2026-02-02 09:03:18] INFO: 👤 執行 User 初始化: admin@example.com
[2026-02-02 09:03:21] INFO: ✅ Momo 處理完成: iPhone 17 Pro Max
[2026-02-02 09:03:23] INFO: ✅ Pchome 處理完成: iPhone 17 Pro Max
[2026-02-02 09:03:27] INFO: ✅ Momo 處理完成: iPhone 17 Pro
[2026-02-02 09:03:29] INFO: ✅ Pchome 處理完成: iPhone 17 Pro
[2026-02-02 09:16:51] INFO: 🚀 啟動強化版數據 Seed 流程 (含 User 初始化)...
[2026-02-02 09:16:51] INFO: 👤 執行 User 初始化: admin@example.com
[2026-02-02 09:16:55] INFO: ✅ Momo 處理完成: iPhone 17 Pro Max
[2026-02-02 09:16:56] INFO: ✅ Pchome 處理完成: iPhone 17 Pro Max
[2026-02-02 09:17:02] INFO: ✅ Momo 處理完成: iPhone 17 Pro
[2026-02-02 09:17:03] INFO: ✅ Pchome 處理完成: iPhone 17 Pro
[2026-02-02 09:20:19] INFO: 🚀 啟動強化版數據 Seed 流程 (含 User 初始化)...
[2026-02-02 09:20:19] INFO: 👤 執行 User 初始化: admin@example.com
[2026-02-02 09:20:23] INFO: ✅ Momo 處理完成: iPhone 17 Pro Max
[2026-02-02 09:20:24] INFO: ✅ Pchome 處理完成: iPhone 17 Pro Max
[2026-02-02 09:20:30] INFO: ✅ Momo 處理完成: iPhone 17 Pro
[2026-02-02 09:20:31] INFO: ✅ Pchome 處理完成: iPhone 17 Pro
[2026-02-02 09:45:39] INFO: 🚀 啟動強化版數據 Seed 流程 (含 User 初始化)...
[2026-02-02 09:45:39] INFO: 👤 執行 User 初始化: admin@example.com
[2026-02-02 09:45:43] INFO: ✅ Momo 處理完成: iPhone 17 Pro Max
[2026-02-02 09:45:44] INFO: ✅ Pchome 處理完成: iPhone 17 Pro Max
[2026-02-02 09:45:49] INFO: ✅ Momo 處理完成: iPhone 17 Pro
[2026-02-02 09:45:50] INFO: ✅ Pchome 處理完成: iPhone 17 Pro
[2026-02-02 09:49:16] INFO: 🚀 啟動強化版數據 Seed 流程 (含 User 初始化)...
[2026-02-02 09:49:16] INFO: 👤 執行 User 初始化: admin@example.com
[2026-02-02 09:49:19] INFO: ✅ Momo 處理完成: iPhone 17 Pro Max
[2026-02-02 09:49:21] INFO: ✅ Pchome 處理完成: iPhone 17 Pro Max
[2026-02-02 09:49:26] INFO: ✅ Momo 處理完成: iPhone 17 Pro
[2026-02-02 09:49:27] INFO: ✅ Pchome 處理完成: iPhone 17 Pro
[2026-02-02 09:52:04] INFO: 🚀 啟動強化版數據 Seed 流程 (含 User 初始化)...
[2026-02-02 09:52:04] INFO: 👤 執行 User 初始化: admin@example.com
[2026-02-02 09:52:08] INFO: ✅ Momo 處理完成: iPhone 17 Pro Max
[2026-02-02 09:52:10] INFO: ✅ Pchome 處理完成: iPhone 17 Pro Max
[2026-02-02 09:52:15] INFO: ✅ Momo 處理完成: iPhone 17 Pro
[2026-02-02 09:52:17] INFO: ✅ Pchome 處理完成: iPhone 17 Pro
[2026-02-02 09:56:19] INFO: 🚀 啟動強化版數據 Seed 流程 (含 User 初始化)...
[2026-02-02 09:56:19] INFO: 👤 執行 User 初始化: admin@example.com
[2026-02-02 09:56:23] INFO: ✅ Momo 處理完成: iPhone 17 Pro Max
[2026-02-02 09:56:25] INFO: ✅ Pchome 處理完成: iPhone 17 Pro Max
[2026-02-02 09:56:30] INFO: ✅ Momo 處理完成: iPhone 17 Pro
[2026-02-02 09:56:32] INFO: ✅ Pchome 處理完成: iPhone 17 Pro
[2026-02-02 10:01:50] INFO: 🚀 啟動強化版數據 Seed 流程 (含 User 初始化)...
[2026-02-02 10:01:50] INFO: 👤 執行 User 初始化: admin@example.com
[2026-02-02 10:01:54] INFO: ✅ Momo 處理完成: iPhone 17 Pro Max
[2026-02-02 10:01:55] INFO: ✅ Pchome 處理完成: iPhone 17 Pro Max
[2026-02-02 10:02:00] INFO: ✅ Momo 處理完成: iPhone 17 Pro
[2026-02-02 10:02:01] INFO: ✅ Pchome 處理完成: iPhone 17 Pro
[2026-02-02 10:08:38] INFO: 🚀 啟動強化版數據 Seed 流程 (含 User 初始化)...
[2026-02-02 10:08:38] INFO: 👤 執行 User 初始化: admin@example.com
[2026-02-02 10:08:42] INFO: ✅ Momo 處理完成: iPhone 17 Pro Max
[2026-02-02 10:08:43] INFO: ✅ Pchome 處理完成: iPhone 17 Pro Max
[2026-02-02 10:08:48] INFO: ✅ Momo 處理完成: iPhone 17 Pro
[2026-02-02 10:08:50] INFO: ✅ Pchome 處理完成: iPhone 17 Pro
[2026-02-02 10:15:01] INFO: 🚀 啟動強化版數據 Seed 流程 (含 User 初始化)...
[2026-02-02 10:15:01] INFO: 👤 執行 User 初始化: admin@example.com
[2026-02-02 10:15:05] INFO: ✅ Momo 處理完成: iPhone 17 Pro Max
[2026-02-02 10:15:06] INFO: ✅ Pchome 處理完成: iPhone 17 Pro Max
[2026-02-02 10:15:11] INFO: ✅ Momo 處理完成: iPhone 17 Pro
[2026-02-02 10:15:13] INFO: ✅ Pchome 處理完成: iPhone 17 Pro
[2026-02-02 10:17:44] INFO: 🚀 啟動強化版數據 Seed 流程 (含 User 初始化)...
[2026-02-02 10:17:44] INFO: 👤 執行 User 初始化: admin@example.com
[2026-02-02 10:17:48] INFO: ✅ Momo 處理完成: iPhone 17 Pro Max
[2026-02-02 10:17:50] INFO: ✅ Pchome 處理完成: iPhone 17 Pro Max
[2026-02-02 10:17:55] INFO: ✅ Momo 處理完成: iPhone 17 Pro
[2026-02-02 10:17:57] INFO: ✅ Pchome 處理完成: iPhone 17 Pro
[2026-02-02 10:21:06] INFO: 🚀 啟動強化版數據 Seed 流程 (含 User 初始化)...
[2026-02-02 10:21:06] INFO: 👤 執行 User 初始化: admin@example.com
[2026-02-02 10:21:09] INFO: ✅ Momo 處理完成: iPhone 17 Pro Max
[2026-02-02 10:21:11] INFO: ✅ Pchome 處理完成: iPhone 17 Pro Max
[2026-02-02 10:21:15] INFO: ✅ Momo 處理完成: iPhone 17 Pro
[2026-02-02 10:21:17] INFO: ✅ Pchome 處理完成: iPhone 17 Pro
[2026-02-02 10:24:40] INFO: 🚀 啟動強化版數據 Seed 流程 (含 User 初始化)...
[2026-02-02 10:24:40] INFO: 👤 執行 User 初始化: admin@example.com
[2026-02-02 10:24:43] INFO: ✅ Momo 處理完成: iPhone 17 Pro Max
[2026-02-02 10:24:45] INFO: ✅ Pchome 處理完成: iPhone 17 Pro Max
[2026-02-02 10:24:49] INFO: ✅ Momo 處理完成: iPhone 17 Pro
[2026-02-02 10:24:51] INFO: ✅ Pchome 處理完成: iPhone 17 Pro
[2026-02-02 10:29:12] INFO: 🚀 啟動強化版數據 Seed 流程 (含 User 初始化)...
[2026-02-02 10:29:12] INFO: 👤 執行 User 初始化: admin@example.com
[2026-02-02 10:29:16] INFO: ✅ Momo 處理完成: iPhone 17 Pro Max
[2026-02-02 10:29:17] INFO: ✅ Pchome 處理完成: iPhone 17 Pro Max
[2026-02-02 10:29:23] INFO: ✅ Momo 處理完成: iPhone 17 Pro
[2026-02-02 10:29:24] INFO: ✅ Pchome 處理完成: iPhone 17 Pro
[2026-02-02 10:32:19] INFO: 🚀 啟動強化版數據 Seed 流程 (含 User 初始化)...
[2026-02-02 10:32:19] INFO: 👤 執行 User 初始化: admin@example.com
[2026-02-02 10:32:22] INFO: ✅ Momo 處理完成: iPhone 17 Pro Max
[2026-02-02 10:32:24] INFO: ✅ Pchome 處理完成: iPhone 17 Pro Max
[2026-02-02 10:32:28] INFO: ✅ Momo 處理完成: iPhone 17 Pro
[2026-02-02 10:32:30] INFO: ✅ Pchome 處理完成: iPhone 17 Pro
